
> build
> vite build

vite v7.2.2 building client environment for production...
transforming...
✓ 2264 modules transformed.
rendering chunks...
computing gzip size...
dist/client/assets/styles-DneFVjsS.css                     40.36 kB │ gzip:   7.59 kB
dist/client/assets/__vite-browser-external-BIHI7g3E.js      0.03 kB │ gzip:   0.05 kB
dist/client/assets/Body-DMXq0ZwL.js                         0.77 kB │ gzip:   0.35 kB
dist/client/assets/import-qMNAFlUG.js                       4.04 kB │ gzip:   1.44 kB
dist/client/assets/index-DCklWkl9.js                       12.84 kB │ gzip:   3.31 kB
dist/client/assets/purify.es-C65SP4u9.js                   22.38 kB │ gzip:   8.59 kB
dist/client/assets/encoding-DTU4h0Tj.js                    50.60 kB │ gzip:  16.14 kB
dist/client/assets/index.es-DPR9kHnd.js                   158.65 kB │ gzip:  52.84 kB
dist/client/assets/main-BQ-JcE8U.js                       457.99 kB │ gzip: 139.20 kB
dist/client/assets/exceljs.min-Bp9eqTsd.js                938.81 kB │ gzip: 269.26 kB
dist/client/assets/raci-generator-DGkdWV1z.js           1,084.94 kB │ gzip: 331.44 kB

(!) Some chunks are larger than 500 kB after minification. Consider:
- Using dynamic import() to code-split the application
- Use build.rollupOptions.output.manualChunks to improve chunking: https://rollupjs.org/configuration-options/#output-manualchunks
- Adjust chunk size limit for this warning via build.chunkSizeWarningLimit.
✓ built in 11.09s
vite v7.2.2 building ssr environment for production...
transforming...
"createRequestHandler", "defineHandlerCallback", "transformPipeableStreamWithRouter" and "transformReadableStreamWithRouter" are imported from external module "@tanstack/router-core/ssr/server" but never used in "../../node_modules/@tanstack/start-server-core/dist/esm/createStartHandler.js" and "../../node_modules/@tanstack/start-server-core/dist/esm/index.js".
"hydrate" is imported from external module "@tanstack/router-core/ssr/client" but never used in "../../node_modules/@tanstack/start-client-core/dist/esm/createServerFn.js" and "../../node_modules/@tanstack/start-client-core/dist/esm/index.js".
"TanStackRouterDevtoolsPanel" is imported from external module "@tanstack/react-router-devtools" but never used in "src/routes/__root.tsx".
"TanStackDevtools" is imported from external module "@tanstack/react-devtools" but never used in "src/routes/__root.tsx".
✓ 114 modules transformed.
rendering chunks...
dist/server/assets/start-HYkvq4Ni.js                         0.06 kB
dist/server/assets/_tanstack-start-manifest_v-Da0OS2FW.js    1.02 kB
dist/server/assets/Body-TplFBTL_.js                          1.27 kB
dist/server/assets/encoding-Bzyl-vpW.js                      5.76 kB
dist/server/assets/import-BP38opOE.js                        6.19 kB
dist/server/assets/index-XARYDaYR.js                        17.66 kB
dist/server/assets/router-BH8NFzGd.js                       20.80 kB
dist/server/server.js                                       24.26 kB
dist/server/assets/raci-generator-BWtcsNpT.js              200.73 kB
✓ built in 548ms
