
> @spearyx/corporate@ build /run/media/rogerleecormier/Storage/dev/spearyx/apps/corporate
> vite build

vite v7.3.2 building client environment for production...
transforming...
✓ 2054 modules transformed.
rendering chunks...
computing gzip size...
dist/client/.assetsignore                    0.02 kB
dist/client/assets/index-CEYTf_vi.css        0.81 kB │ gzip:   0.46 kB
dist/client/assets/styles-DobWB4kP.css      41.18 kB │ gzip:   8.84 kB
dist/client/assets/zap-CHqN8IiR.js           0.26 kB │ gzip:   0.21 kB
dist/client/assets/login-Dzh2yh4D.js         2.38 kB │ gzip:   0.99 kB
dist/client/assets/PageHero-DERrlOj-.js      3.15 kB │ gzip:   1.10 kB
dist/client/assets/index-Bt3e9Gwl.js        12.37 kB │ gzip:   3.31 kB
dist/client/assets/typography-CJNcQ5cL.js   16.66 kB │ gzip:   3.38 kB
dist/client/assets/cards-C112q-Dh.js        54.81 kB │ gzip:  13.86 kB
dist/client/assets/index-DAn9JqOJ.js       526.32 kB │ gzip: 161.88 kB

(!) Some chunks are larger than 500 kB after minification. Consider:
- Using dynamic import() to code-split the application
- Use build.rollupOptions.output.manualChunks to improve chunking: https://rollupjs.org/configuration-options/#output-manualchunks
- Adjust chunk size limit for this warning via build.chunkSizeWarningLimit.
✓ built in 4.30s
vite v7.3.2 building ssr environment for production...
transforming...
✓ 226 modules transformed.
rendering chunks...
dist/server/assets/start-HYkvq4Ni.js                                 0.06 kB
dist/server/assets/__23tanstack-start-plugin-adapters-Cwee5PKy.js    0.14 kB
dist/server/assets/_tanstack-start-manifest_v-DKTn4O4E.js            1.29 kB
dist/server/assets/auth-D8dULEM4.js                                  2.28 kB
dist/server/assets/login-BjGv1fCm.js                                 4.01 kB
dist/server/assets/auth-CtTKJcsQ.js                                  4.79 kB
dist/server/assets/PageHero-C16RHGse.js                              5.12 kB
dist/server/assets/index-B5Hjnuto.js                                16.22 kB
dist/server/assets/typography-Ce1DNouV.js                           24.91 kB
dist/server/assets/cards-DfZmr3By.js                                79.52 kB
dist/server/assets/router-COX_q0qg.js                              107.64 kB
dist/server/server.js                                              157.16 kB
✓ built in 1.43s
vite v7.3.2 building spearyx_corporate environment for production...
transforming...
✓ 1997 modules transformed.
rendering chunks...
dist/spearyx_corporate/wrangler.json                                                     1.67 kB
dist/spearyx_corporate/.vite/manifest.json                                               4.21 kB
dist/spearyx_corporate/assets/start-HYkvq4Ni-HYkvq4Ni.js                                 0.06 kB
dist/spearyx_corporate/assets/__23tanstack-start-plugin-adapters-Cwee5PKy-Cwee5PKy.js    0.14 kB
dist/spearyx_corporate/assets/zap-0knOdo2R.js                                            0.39 kB
dist/spearyx_corporate/assets/_tanstack-start-manifest_v-DKTn4O4E-DKTn4O4E.js            1.29 kB
dist/spearyx_corporate/assets/auth-D8dULEM4-C-bIA00e.js                                  2.28 kB
dist/spearyx_corporate/assets/login-BjGv1fCm-BnBFpUDX.js                                 4.00 kB
dist/spearyx_corporate/assets/PageHero-C16RHGse-BBuzIxZC.js                              5.51 kB
dist/spearyx_corporate/index.js                                                         17.79 kB
dist/spearyx_corporate/assets/index-B5Hjnuto-IyJvGzNy.js                                19.09 kB
dist/spearyx_corporate/assets/typography-Ce1DNouV-UI3FmMM9.js                           27.86 kB
dist/spearyx_corporate/assets/cards-DfZmr3By-pd-o4XiW.js                                94.28 kB
dist/spearyx_corporate/assets/auth-CtTKJcsQ-CGPvIp_M.js                                183.04 kB
dist/spearyx_corporate/assets/router-COX_q0qg-DoFW23qc.js                              690.19 kB
dist/spearyx_corporate/assets/server-DvH1kzFW.js                                       706.07 kB
✓ built in 2.93s
